[INFO ] 2021-12-15 12:21:55,818 Whats up android.setup() - Whats up android
[INFO ] 2021-12-15 12:21:55,827 Whats up android.createDriver() - Create driver for android
[INFO ] 2021-12-15 12:22:20,504 Whats up android.clickOnMenuAndVerifyContent_CallsPage() - clickOnMenuAndVerifyContent_CallsPage 
[INFO ] 2021-12-15 12:22:26,886 Whats up android.clickOnMenuAndVerifyContent_ChatPage() - starting test clickOnMenuAndVerifyContent_ChatPage 
[INFO ] 2021-12-15 12:22:36,644 Whats up android.clickOnMenuAndVerifyContent_StatusPage() - clickOnMenuAndVerifyContent_StatusPage 
[INFO ] 2021-12-15 12:22:37,065 Whats up android.click_StatusText() - clicking to statusText STATUS
[INFO ] 2021-12-15 12:22:43,249 Whats up android.verifyCallsText() - starting test verifyCallsText 
[INFO ] 2021-12-15 12:22:45,394 Whats up android.click_StatusText() - clicking to statusText STATUS
[INFO ] 2021-12-15 12:22:47,960 Whats up android.getMyStatusText() - get text of my StatusMy status
[INFO ] 2021-12-15 12:22:48,882 Whats up android.verifyStatusText() - starting test verifyStatusText 
[INFO ] 2021-12-15 12:22:48,883 Whats up android.getTitleOfCurrentPage() - get text of current page
[INFO ] 2021-12-15 12:22:50,134 Whats up android.setup() - Whats up android
[INFO ] 2021-12-15 12:22:50,134 Whats up android.createDriver() - Create driver for android
[INFO ] 2021-12-15 12:23:02,248 Whats up android.clickOnContactAndSendMessage() - verify sending message works properly 
[INFO ] 2021-12-15 12:23:08,208 Whats up android.clickOnTypeMessage() - clicking on statusIcon Message
[INFO ] 2021-12-15 12:23:12,527 Whats up android.clickOnTypeMessage() - typing text into searchIconMessage
[INFO ] 2021-12-15 12:23:19,316 Whats up android.setup() - Whats up android
[INFO ] 2021-12-15 12:23:19,316 Whats up android.createDriver() - Create driver for android
[INFO ] 2021-12-15 12:23:30,300 Whats up android.scrollTestDown() - verify scrolling to buttom works properly 
[INFO ] 2021-12-15 12:23:34,232 Whats up android.setup() - Whats up android
[INFO ] 2021-12-15 12:23:34,233 Whats up android.createDriver() - Create driver for android
[INFO ] 2021-12-15 12:23:46,180 Whats up android.clickOnSearchButton_ChatsPage() - clickOnSearchButton_ChatPage 
[INFO ] 2021-12-15 12:23:47,094 Whats up android.clickOnSearchButtonFromChatSectionAndTypeText() - clicking on statusIcon 
[INFO ] 2021-12-15 12:23:50,536 Whats up android.clickOnSearchButtonFromChatSectionAndTypeText() - typing text into searchIconSearch…
[ERROR] 2021-12-15 12:24:02,587 Whats up android.click() - click(): FAILED
Expected condition failed: waiting for element to be clickable: Located by By.chained({By.id: com.whatsapp:id/send}) (tried for 10 second(s) with 500 milliseconds interval)
[ERROR] 2021-12-15 12:24:13,118 Whats up android.click() - click(): FAILED
Expected condition failed: waiting for element to be clickable: Located by By.chained({By.id: com.whatsapp:id/send}) (tried for 10 second(s) with 500 milliseconds interval)
[INFO ] 2021-12-15 12:24:14,910 Whats up android.backToFirstView() - clickOnSearchButton_ChatsPage
[INFO ] 2021-12-15 12:24:15,045 Whats up android.clickOnSearchButton_StatusPage() - clickOnSearchButton_StatusPage 
[INFO ] 2021-12-15 12:24:16,282 Whats up android.click_StatusText() - clicking to statusText STATUS
[INFO ] 2021-12-15 12:24:18,746 Whats up android.clickOnSearchButtonFromChatSectionAndTypeText() - clicking on statusIcon 
[INFO ] 2021-12-15 12:24:22,090 Whats up android.clickOnSearchButtonFromChatSectionAndTypeText() - typing text into searchIconSearch…
[INFO ] 2021-12-15 12:24:25,774 Whats up android.backToFirstView() - clickOnSearchButton_StatusPage
[INFO ] 2021-12-15 12:24:25,983 Whats up android.clickOnSearchButton_CallsPage() - clickOnSearchButton_CallsPage 
[INFO ] 2021-12-15 12:24:30,161 Whats up android.clickOnSearchButtonFromCallsSectionAndTypeText() - clicking on statusIcon 
[INFO ] 2021-12-15 12:24:33,645 Whats up android.clickOnSearchButtonFromCallsSectionAndTypeText() - typing text into searchIconSearch…
[INFO ] 2021-12-15 12:24:45,608 Whats up android.backToFirstView() - clickOnSearchButton_CallsPage
[INFO ] 2021-12-15 12:24:45,609 Whats up android.backToFirstView() - clicking  back
