[INFO ] 2021-12-28 12:10:03,104 Whats up android.setup() - Whats up android
[INFO ] 2021-12-28 12:10:03,116 Whats up android.createDriver() - Create driver for android
[INFO ] 2021-12-28 12:10:15,679 Whats up android.clickOnSearchButton_ChatsPage() - clickOnSearchButton_ChatPage 
[INFO ] 2021-12-28 12:10:16,627 Whats up android.clickOnSearchButtonFromChatSectionAndTypeText() - clicking on statusIcon 
[INFO ] 2021-12-28 12:10:18,810 Whats up android.clickOnSearchButtonFromChatSectionAndTypeText() - typing text into searchIconSearch…
[ERROR] 2021-12-28 12:10:30,104 Whats up android.click() - click(): FAILED
Expected condition failed: waiting for element to be clickable: Located by By.chained({By.id: com.whatsapp:id/send}) (tried for 10 second(s) with 500 milliseconds interval)
[ERROR] 2021-12-28 12:10:41,039 Whats up android.click() - click(): FAILED
Expected condition failed: waiting for element to be clickable: Located by By.chained({By.id: com.whatsapp:id/send}) (tried for 10 second(s) with 500 milliseconds interval)
[INFO ] 2021-12-28 12:10:43,162 Whats up android.backToFirstView() - clickOnSearchButton_ChatsPage
[INFO ] 2021-12-28 12:10:43,264 Whats up android.clickOnSearchButton_StatusPage() - clickOnSearchButton_StatusPage 
[INFO ] 2021-12-28 12:10:44,328 Whats up android.click_StatusText() - clicking to statusText STATUS
[INFO ] 2021-12-28 12:10:45,980 Whats up android.clickOnSearchButtonFromChatSectionAndTypeText() - clicking on statusIcon 
[INFO ] 2021-12-28 12:10:47,960 Whats up android.clickOnSearchButtonFromChatSectionAndTypeText() - typing text into searchIconSearch…
[ERROR] 2021-12-28 12:10:51,656 Whats up android.clickOnSearchButton_StatusPage() - java.lang.IndexOutOfBoundsException: Index: 0, Size: 0
[INFO ] 2021-12-28 12:10:51,913 Whats up android.backToFirstView() - clickOnSearchButton_StatusPage
[INFO ] 2021-12-28 12:10:52,724 Whats up android.clickOnSearchButton_CallsPage() - clickOnSearchButton_CallsPage 
[INFO ] 2021-12-28 12:10:55,272 Whats up android.clickOnSearchButtonFromCallsSectionAndTypeText() - clicking on statusIcon 
[INFO ] 2021-12-28 12:10:57,649 Whats up android.clickOnSearchButtonFromCallsSectionAndTypeText() - typing text into searchIconSearch…
[INFO ] 2021-12-28 12:11:09,186 Whats up android.backToFirstView() - clickOnSearchButton_CallsPage
[INFO ] 2021-12-28 12:11:09,187 Whats up android.backToFirstView() - clicking  back
