[INFO ] 2021-12-14 15:30:57,778 Whats up android.setup() - Whats up android
[INFO ] 2021-12-14 15:30:57,791 Whats up android.createDriver() - Create driver for android
[INFO ] 2021-12-14 15:31:16,941 Whats up android.clickOnMenuAndVerifyContent_CallsPage() - clickOnMenuAndVerifyContent_CallsPage 
[INFO ] 2021-12-14 15:31:21,639 Whats up android.clickOnMenuAndVerifyContent_ChatPage() - starting test clickOnMenuAndVerifyContent_ChatPage 
[INFO ] 2021-12-14 15:31:29,037 Whats up android.clickOnMenuAndVerifyContent_StatusPage() - clickOnMenuAndVerifyContent_StatusPage 
[INFO ] 2021-12-14 15:31:29,424 Whats up android.click_StatusText() - clicking to statusText STATUS
[INFO ] 2021-12-14 15:31:34,206 Whats up android.verifyCallsText() - starting test verifyCallsText 
[INFO ] 2021-12-14 15:31:35,668 Whats up android.click_StatusText() - clicking to statusText STATUS
[INFO ] 2021-12-14 15:31:37,774 Whats up android.getMyStatusText() - get text of my StatusMy status
[INFO ] 2021-12-14 15:31:38,499 Whats up android.verifyStatusText() - starting test verifyStatusText 
[INFO ] 2021-12-14 15:31:38,499 Whats up android.getTitleOfCurrentPage() - get text of current page
[INFO ] 2021-12-14 15:31:39,592 Whats up android.setup() - Whats up android
[INFO ] 2021-12-14 15:31:39,593 Whats up android.createDriver() - Create driver for android
[INFO ] 2021-12-14 15:31:50,698 Whats up android.clickOnContactAndSendMessage() - verify sending message works properly 
[INFO ] 2021-12-14 15:31:52,079 Whats up android.clickOnTypeMessage() - clicking on statusIcon Message
[INFO ] 2021-12-14 15:31:54,977 Whats up android.clickOnTypeMessage() - typing text into searchIconMessage
[INFO ] 2021-12-14 15:31:59,421 Whats up android.setup() - Whats up android
[INFO ] 2021-12-14 15:31:59,422 Whats up android.createDriver() - Create driver for android
[INFO ] 2021-12-14 15:32:10,496 Whats up android.scrollTestDown() - verify scrolling to buttom works properly 
[INFO ] 2021-12-14 15:32:13,253 Whats up android.setup() - Whats up android
[INFO ] 2021-12-14 15:32:13,253 Whats up android.createDriver() - Create driver for android
[INFO ] 2021-12-14 15:32:24,503 Whats up android.clickOnSearchButton_ChatsPage() - clickOnSearchButton_ChatPage 
[INFO ] 2021-12-14 15:32:25,504 Whats up android.clickOnSearchButtonFromChatSectionAndTypeText() - clicking on statusIcon 
[INFO ] 2021-12-14 15:32:27,953 Whats up android.clickOnSearchButtonFromChatSectionAndTypeText() - typing text into searchIconSearch…
[ERROR] 2021-12-14 15:32:38,956 Whats up android.click() - click(): FAILED
Expected condition failed: waiting for element to be clickable: Located by By.chained({By.id: com.whatsapp:id/send}) (tried for 10 second(s) with 500 milliseconds interval)
[ERROR] 2021-12-14 15:32:49,085 Whats up android.click() - click(): FAILED
Expected condition failed: waiting for element to be clickable: Located by By.chained({By.id: com.whatsapp:id/send}) (tried for 10 second(s) with 500 milliseconds interval)
[INFO ] 2021-12-14 15:32:50,632 Whats up android.backToFirstView() - clickOnSearchButton_ChatsPage
[INFO ] 2021-12-14 15:32:50,685 Whats up android.clickOnSearchButton_StatusPage() - clickOnSearchButton_StatusPage 
[INFO ] 2021-12-14 15:32:51,852 Whats up android.click_StatusText() - clicking to statusText STATUS
[INFO ] 2021-12-14 15:32:55,014 Whats up android.clickOnSearchButtonFromChatSectionAndTypeText() - clicking on statusIcon 
[INFO ] 2021-12-14 15:32:57,795 Whats up android.clickOnSearchButtonFromChatSectionAndTypeText() - typing text into searchIconSearch…
[INFO ] 2021-12-14 15:33:00,988 Whats up android.backToFirstView() - clickOnSearchButton_StatusPage
[INFO ] 2021-12-14 15:33:01,232 Whats up android.clickOnSearchButton_CallsPage() - clickOnSearchButton_CallsPage 
[INFO ] 2021-12-14 15:33:03,941 Whats up android.clickOnSearchButtonFromCallsSectionAndTypeText() - clicking on statusIcon 
[INFO ] 2021-12-14 15:33:06,533 Whats up android.clickOnSearchButtonFromCallsSectionAndTypeText() - typing text into searchIconSearch…
[INFO ] 2021-12-14 15:33:18,365 Whats up android.backToFirstView() - clickOnSearchButton_CallsPage
[INFO ] 2021-12-14 15:33:18,366 Whats up android.backToFirstView() - clicking  back
